<?xml version="1.0" encoding="UTF-8"?>
<!-- Generated by org.testng.reporters.JUnitReportReporter -->
<testsuite skipped="0" hostname="DESKTOP-VBI6MIP" name="dependentTests.Testwithsingletestmethoddependency" tests="2" failures="0" timestamp="2021-06-09T23:25:55 IST" time="0.016" errors="0">
  <testcase name="testOne" time="0.001" classname="dependentTests.Testwithsingletestmethoddependency"/>
  <system-out/>
  <testcase name="testTwo" time="0.015" classname="dependentTests.Testwithsingletestmethoddependency"/>
  <system-out/>
</testsuite> <!-- dependentTests.Testwithsingletestmethoddependency -->
