<?xml version="1.0" encoding="UTF-8"?>
<!-- Generated by org.testng.reporters.JUnitReportReporter -->
<testsuite skipped="0" hostname="DESKTOP-VBI6MIP" name="groups.Groups" tests="1" failures="0" timestamp="2021-06-10T02:59:47 IST" time="0.012" errors="0">
  <testcase name="login" time="0.012" classname="groups.Groups"/>
  <system-out/>
</testsuite> <!-- groups.Groups -->
