<?xml version="1.0" encoding="UTF-8"?>
<!-- Generated by org.testng.reporters.JUnitReportReporter -->
<testsuite skipped="0" hostname="DESKTOP-VBI6MIP" name="dependentTests.DependentTestExamples" tests="4" failures="0" timestamp="2021-06-09T23:43:23 IST" time="0.010" errors="0">
  <testcase name="testFour4" time="0.004" classname="dependentTests.DependentTestExamples"/>
  <system-out/>
  <testcase name="testThree3" time="0.003" classname="dependentTests.DependentTestExamples"/>
  <system-out/>
  <testcase name="testTwo2" time="0.002" classname="dependentTests.DependentTestExamples"/>
  <system-out/>
  <testcase name="testOne1" time="0.001" classname="dependentTests.DependentTestExamples"/>
  <system-out/>
</testsuite> <!-- dependentTests.DependentTestExamples -->
