<?xml version="1.0" encoding="UTF-8"?>
<!-- Generated by org.testng.reporters.JUnitReportReporter -->
<testsuite skipped="0" hostname="DESKTOP-VBI6MIP" name="dependentTests.TestA$TestB" tests="1" failures="0" timestamp="2021-06-09T23:59:55 IST" time="0.002" errors="0">
  <testcase name="execute" time="0.002" classname="dependentTests.TestA$TestB"/>
  <system-out/>
</testsuite> <!-- dependentTests.TestA$TestB -->
