<?xml version="1.0" encoding="UTF-8"?>
<!-- Generated by org.testng.reporters.JUnitReportReporter -->
<testsuite skipped="0" hostname="DESKTOP-VBI6MIP" name="invocationCount.InvocationCount" tests="1" failures="0" timestamp="2021-06-10T01:39:08 IST" time="40.425" errors="0">
  <testcase name="lunchBrowser" time="40.425" classname="invocationCount.InvocationCount"/>
  <system-out/>
</testsuite> <!-- invocationCount.InvocationCount -->
