<?xml version="1.0" encoding="UTF-8"?>
<!-- Generated by org.testng.reporters.JUnitReportReporter -->
<testsuite skipped="0" hostname="DESKTOP-VBI6MIP" name="dependentTests.ParentClassTest" tests="2" failures="0" timestamp="2021-06-09T23:43:23 IST" time="0.013" errors="0">
  <testcase name="testTwo2" time="0.011" classname="dependentTests.ParentClassTest"/>
  <system-out/>
  <testcase name="testOne1" time="0.002" classname="dependentTests.ParentClassTest"/>
  <system-out/>
</testsuite> <!-- dependentTests.ParentClassTest -->
