<?xml version="1.0" encoding="UTF-8"?>
<!-- Generated by org.testng.reporters.JUnitReportReporter -->
<testsuite skipped="0" hostname="DESKTOP-VBI6MIP" name="dependentTests.TestA" tests="1" failures="0" timestamp="2021-06-09T23:59:55 IST" time="0.013" errors="0">
  <testcase name="executeTest" time="0.013" classname="dependentTests.TestA"/>
  <system-out/>
</testsuite> <!-- dependentTests.TestA -->
