<?xml version="1.0" encoding="UTF-8"?>
<!-- Generated by org.testng.reporters.JUnitReportReporter -->
<testsuite skipped="0" hostname="DESKTOP-VBI6MIP" name="parameter.Parameter" tests="1" failures="0" timestamp="2021-06-12T01:54:59 IST" time="12.187" errors="0">
  <testcase name="login" time="12.187" classname="parameter.Parameter"/>
  <system-out/>
</testsuite> <!-- parameter.Parameter -->
