<?xml version="1.0" encoding="UTF-8"?>
<!-- Generated by org.testng.reporters.JUnitReportReporter -->
<testsuite skipped="0" hostname="DESKTOP-VBI6MIP" name="dependentTests.MultipleDependsOnMethos" tests="3" failures="0" timestamp="2021-06-09T23:30:23 IST" time="0.019" errors="0">
  <testcase name="testTwo" time="0.002" classname="dependentTests.MultipleDependsOnMethos"/>
  <system-out/>
  <testcase name="testThree" time="0.015" classname="dependentTests.MultipleDependsOnMethos"/>
  <system-out/>
  <testcase name="testOne" time="0.002" classname="dependentTests.MultipleDependsOnMethos"/>
  <system-out/>
</testsuite> <!-- dependentTests.MultipleDependsOnMethos -->
